Error during training: OpenCV(4.10.0) D:\a\opencv-python\opencv-python\opencv\modules\imgproc\src\resize.cpp:4152: error: (-215:Assertion failed) !ssize.empty() in function 'cv::resize'

Error during training: OpenCV(4.10.0) D:\a\opencv-python\opencv-python\opencv\modules\imgproc\src\resize.cpp:4152: error: (-215:Assertion failed) !ssize.empty() in function 'cv::resize'

